
-----
Test: test/test_by_product.py::test_buy_product (call)
Start time: 2025-01-04 17:11:34.723915
Start name method: authorization

End time: 2025-01-04 17:11:37.096524
End name method: authorization
URL: https://store.steampowered.com/login/?redir=&redir_ssl=1&snr=1_4_4__global-header

-----

-----
Test: test/test_by_product.py::test_buy_product (call)
Start time: 2025-01-04 17:11:37.096827
Start name method: search_product

End time: 2025-01-04 17:11:40.576299
End name method: search_product
URL: https://store.steampowered.com/search/?snr=1_4_4__12&term=Baldur%27s+Gate+3

-----

-----
Test: test/test_by_product.py::test_buy_product (call)
Start time: 2025-01-04 17:11:40.576666
Start name method: select_needed_element

End time: 2025-01-04 17:11:53.021379
End name method: select_needed_element
URL: https://store.steampowered.com/app/1086940/Baldurs_Gate_3/

-----

-----
Test: test/test_by_product.py::test_buy_product (call)
Start time: 2025-01-04 17:11:53.021971
Start name method: select_product_with_search

End time: 2025-01-04 17:11:55.273376
End name method: select_product_with_search
URL: https://store.steampowered.com/cart

-----

-----
Test: test/test_by_product.py::test_buy_product (call)
Start time: 2025-01-04 17:11:55.273529
Start name method: continue_pay

End time: 2025-01-04 17:11:57.984838
End name method: continue_pay
URL: https://checkout.steampowered.com/checkout/?accountcart=1

-----

-----
Test: test/test_by_product.py::test_buy_product (call)
Start time: 2025-01-04 17:11:57.985208
Start name method: finish_checkout

End time: 2025-01-04 17:11:58.162954
End name method: finish_checkout
URL: https://checkout.steampowered.com/checkout/?accountcart=1

-----

-----
Test: test/test_by_product.py::test_buy_product (call)
Start time: 2025-01-04 17:11:58.163077
Start name method: delete_all_product

End time: 2025-01-04 17:11:59.217110
End name method: delete_all_product
URL: https://store.steampowered.com/cart

-----

-----
Test: test/test_by_product.py::test_buy_product (call)
Start time: 2025-01-04 17:11:59.217300
Start name method: logaut

End time: 2025-01-04 17:12:02.225420
End name method: logaut
URL: https://store.steampowered.com/logout/

-----

-----
Test: test/test_by_product.py::test_filter_of_product (call)
Start time: 2025-01-04 17:12:02.954552
Start name method: authorization

End time: 2025-01-04 17:12:04.098791
End name method: authorization
URL: https://store.steampowered.com/login/?redir=&redir_ssl=1&snr=1_4_4__global-header

-----

-----
Test: test/test_by_product.py::test_filter_of_product (call)
Start time: 2025-01-04 17:12:04.099034
Start name method: search_product_with_filter

End time: 2025-01-04 17:12:20.424601
End name method: search_product_with_filter
URL: https://store.steampowered.com/category/adventure_rpg/?facets13268=1%3A39%2C4%3A14%2C12%3A0_5

-----

-----
Test: test/test_by_product.py::test_filter_of_product (call)
Start time: 2025-01-04 17:12:20.425063
Start name method: select_product_with_filter

End time: 2025-01-04 17:12:22.011743
End name method: select_product_with_filter
URL: https://store.steampowered.com/cart

-----

-----
Test: test/test_by_product.py::test_filter_of_product (call)
Start time: 2025-01-04 17:12:22.012083
Start name method: continue_pay

End time: 2025-01-04 17:12:23.317183
End name method: continue_pay
URL: https://checkout.steampowered.com/checkout/?accountcart=1

-----

-----
Test: test/test_by_product.py::test_filter_of_product (call)
Start time: 2025-01-04 17:12:23.317389
Start name method: finish_checkout

End time: 2025-01-04 17:12:23.484913
End name method: finish_checkout
URL: https://checkout.steampowered.com/checkout/?accountcart=1

-----

-----
Test: test/test_by_product.py::test_filter_of_product (call)
Start time: 2025-01-04 17:12:23.485058
Start name method: delete_all_product

End time: 2025-01-04 17:12:24.560531
End name method: delete_all_product
URL: https://store.steampowered.com/cart

-----

-----
Test: test/test_by_product.py::test_filter_of_product (call)
Start time: 2025-01-04 17:12:24.560730
Start name method: logaut

End time: 2025-01-04 17:12:26.933134
End name method: logaut
URL: https://store.steampowered.com/logout/

-----
